18:10:53 [allowed] §aYou are still radiating with §bGenerosity§r§a!
18:10:53 [EMPTY] §f §r§r§r§f §r§r§r§1 §r§r§r§0 §r§r§r§2 §r§r§r§f §r§r§r§f §r§r§r§2 §r§r§r§0 §r§r§r§4 §r§r§r§3 §r§r§r§9 §r§r§r§2 §r§r§r§0 §r§r§r§0 §r§r§r§3 §r§r§r§9 §r§r§r§2 §r§r§r§0 §r§r§r§0 §r§r§r§3 §r§r§r§9 §r§r§r§2 §r§r§r§0 §r§r§r§0 
18:10:53 [allowed] §b✦ §r§7You earned §r§b47 §r§7Mystery Dust!
18:10:53 [allowed] §b§b✦ §r§7You earned §a26 §7Pet Consumables items!
18:10:53 [allowed] §b§m--------------§r§f  §r§aGuild: Message Of The Day  §r§b§m--------------
18:10:53 [allowed] §b| §r§f1 Corinthians 7:34:"The unmarried woman or virgin is concerned about the Lord's affairs: Her aim is to be devoted to the Lord in both body and spirit."
18:10:53 [allowed] §b§m-----------------------------------------------------
18:10:53 [allowed] §b[MVP§9+§b] KanyeWest1738§f §6joined the lobby!
18:10:58 [allowed] §b[MVP§8+§b] ThemisWizard§f §6joined the lobby!
18:11:07 [allowed] §7Sending to server mini4DF...
18:11:07 [EMPTY] §8 §r§8 §r§1 §r§3 §r§3 §r§7 §r§8 
18:11:08 [allowed] §eProfile ID: §r§a62b760d8-92b6-4501-ada0-1fd8583f5266
18:11:08 [allowed] §e§lCLICK THIS TO SUGGEST IT IN CHAT §7§l[DASHES]
18:11:08 [allowed] §e§lCLICK THIS TO SUGGEST IT IN CHAT §7§l[NO DASHES]
18:11:10 [EMPTY] 
18:11:10 [WELCOME] §eWelcome to §r§aHypixel SkyBlock§r§e!
18:11:10 [EMPTY] 
18:11:10 [allowed] §eLatest update: §bSkyBlock v0.23.2 §e§lCLICK
18:11:11 [PROFILE_JOIN] §aYou are playing on profile: §eLemon§b (Co-op)
18:11:11 [PROFILE_JOIN] §8Profile ID: 62b760d8-92b6-4501-ada0-1fd8583f5266
18:11:12 [LOTTERY] §bNew day! §r§eYour §r§2Lottery §r§ebuff changed!
18:11:12 [LOTTERY] §eNew buff§r§r§r: §r§fGain §r§a+50 §r§6☘ Fig Fortune§r§f.
18:11:12 [LOTTERY] §8§oYou can disable this messaging by toggling Lottery in your /hotf!
18:11:25 [SACKS_CHANGE] §6[Sacks] §r§a+43§r§e items§r§e.§r§8 (Last 9s.)
18:11:43 [SACKS_CHANGE] §6[Sacks] §r§a+54§r§e items§r§e.§r§8 (Last 6s.)
18:11:46 [allowed] §cThere are blocks in the way!
18:13:06 [allowed] §aYou are still radiating with §bGenerosity§r§a!
18:13:06 [EMPTY] §f §r§r§r§f §r§r§r§1 §r§r§r§0 §r§r§r§2 §r§r§r§f §r§r§r§f §r§r§r§2 §r§r§r§0 §r§r§r§4 §r§r§r§3 §r§r§r§9 §r§r§r§2 §r§r§r§0 §r§r§r§0 §r§r§r§3 §r§r§r§9 §r§r§r§2 §r§r§r§0 §r§r§r§0 §r§r§r§3 §r§r§r§9 §r§r§r§2 §r§r§r§0 §r§r§r§0 
18:13:06 [allowed] §b§m--------------§r§f  §r§aGuild: Message Of The Day  §r§b§m--------------
18:13:06 [allowed] §b| §r§f1 Corinthians 7:34:"The unmarried woman or virgin is concerned about the Lord's affairs: Her aim is to be devoted to the Lord in both body and spirit."
18:13:06 [allowed] §b§m-----------------------------------------------------
