18:09:50 Trying to load config from config\skyhanni\config.json
18:09:50 load-config-now
18:09:51 Loaded config from file
18:09:51 Trying to load sacks from config\skyhanni\sacks.json
18:09:51 load-sacks-now
18:09:51 Loaded sacks from file
18:09:51 Trying to load friends from config\skyhanni\friends.json
18:09:51 load-friends-now
18:09:51 Loaded friends from file
18:09:51 Trying to load known_features from config\skyhanni\known_features.json
18:09:51 load-known_features-now
18:09:51 Loaded known_features from file
18:09:51 Trying to load jacob_contests from config\skyhanni\jacob_contests.json
18:09:51 load-jacob_contests-now
18:09:51 Loaded jacob_contests from file
18:09:51 Trying to load visual_words from config\skyhanni\visual_words.json
18:09:51 Setting visual_words to be blank as it did not exist. It will be saved once something is written to it
18:09:51 Trying to load pets from config\skyhanni\pets.json
18:09:51 load-pets-now
18:09:51 Loaded pets from file
18:09:51 Trying to load storage from config\skyhanni\storage.json
18:09:51 load-storage-now
18:09:51 Loaded storage from file
18:09:51 Trying to load routes from config\skyhanni\routes.json
18:09:51 load-routes-now
18:09:51 Loaded routes from file
18:10:51 saveConfig: auto-save-60s
18:10:51 Saving config file
18:10:51 Saved config file successfully
18:10:51 saveConfig: auto-save-60s
18:10:51 Saving config file
18:10:51 Saved config file successfully
18:10:54 saveConfig: Updated known feature flags
18:10:54 Saving known_features file
18:10:54 Saved known_features file successfully
18:10:54 saveConfig: Updated known feature flags
18:10:54 Saving known_features file
18:10:54 Saved known_features file successfully
18:11:09 saveConfig: saving-data
18:11:09 Saving pets file
18:11:09 Saved pets file successfully
18:11:09 saveConfig: saving-data
18:11:09 Saving pets file
18:11:09 Saved pets file successfully
18:11:25 saveConfig: saving-data
18:11:25 Saving sacks file
18:11:25 Saved sacks file successfully
18:11:25 saveConfig: saving-data
18:11:25 Saving sacks file
18:11:25 Saved sacks file successfully
18:11:40 saveConfig: saving-data
18:11:40 Saving pets file
18:11:40 Saved pets file successfully
18:11:40 saveConfig: saving-data
18:11:40 Saving pets file
18:11:40 Saved pets file successfully
18:11:43 saveConfig: saving-data
18:11:43 Saving sacks file
18:11:43 Saved sacks file successfully
18:11:43 saveConfig: saving-data
18:11:43 Saving sacks file
18:11:43 Saved sacks file successfully
18:11:51 saveConfig: auto-save-60s
18:11:51 Saving config file
18:11:51 Saved config file successfully
18:11:51 saveConfig: auto-save-60s
18:11:51 Saving config file
18:11:51 Saved config file successfully
18:12:51 saveConfig: auto-save-60s
18:12:51 Saving config file
18:12:51 Saved config file successfully
18:12:51 saveConfig: auto-save-60s
18:12:51 Saving config file
18:12:51 Saved config file successfully
18:13:10 saveConfig: shutdown-hook
18:13:10 Saving config file
